<?xml version="1.0" encoding="UTF-8"?>
<!-- Generated by org.testng.reporters.JUnitXMLReporter -->
<testsuite ignored="3" hostname="zMachine" failures="0" tests="4" name="Default test" time="89.118" errors="0" timestamp="2020-09-14T18:28:51 AEST">
  <testcase classname="com.pomProject.TestCases.ContactsPageTest" name="ValidateCreateNewContactDDT" time="7.689"/>
  <testcase classname="com.pomProject.TestCases.ContactsPageTest" name="ValidateCreateNewContactDDT" time="7.25"/>
  <testcase classname="com.pomProject.TestCases.ContactsPageTest" name="ValidateCreateNewContactDDT" time="7.553"/>
  <testcase classname="com.pomProject.TestCases.ContactsPageTest" name="ValidateCreateNewContactDDT" time="7.251"/>
  <testcase classname="com.pomProject.TestCases.ContactsPageTest" name="SelectContactsTest" time="0.0">
    <ignored/>
  </testcase> <!-- SelectContactsTest -->
  <testcase classname="com.pomProject.TestCases.ContactsPageTest" name="verifyContactPageLabel" time="0.0">
    <ignored/>
  </testcase> <!-- verifyContactPageLabel -->
  <testcase classname="com.pomProject.TestCases.ContactsPageTest" name="ValidateCreateNewContact" time="0.0">
    <ignored/>
  </testcase> <!-- ValidateCreateNewContact -->
</testsuite> <!-- Default test -->
