<?xml version="1.0" encoding="UTF-8"?>
<!-- Generated by org.testng.reporters.JUnitXMLReporter -->
<testsuite ignored="0" hostname="zMachine" failures="0" tests="5" name="Automation Regression Tests" time="66.409" errors="0" timestamp="2020-09-14T20:53:55 AEST">
  <testcase classname="com.pomProject.TestCases.LoginPageTest" name="loginPageTitleTest" time="0.015"/>
  <testcase classname="com.pomProject.TestCases.LoginPageTest" name="crmImageLogoTest" time="0.055"/>
  <testcase classname="com.pomProject.TestCases.LoginPageTest" name="loginTest" time="3.826"/>
  <testcase classname="com.pomProject.TestCases.HomePageTest" name="VeriTitleHomePage" time="0.004"/>
  <testcase classname="com.pomProject.TestCases.HomePageTest" name="VerifyUserNameTest" time="0.066"/>
</testsuite> <!-- Automation Regression Tests -->
