<?xml version="1.0" encoding="UTF-8"?>
<!-- Generated by org.testng.reporters.JUnitXMLReporter -->
<testsuite ignored="3" hostname="zMachine" failures="0" tests="4" name="Automation Regression Tests" time="91.949" errors="0" timestamp="2020-09-14T18:45:15 AEST">
  <testcase classname="com.pomProject.TestCases.ContactsPageTest" name="ValidateCreateNewContactDDT" time="7.533"/>
  <testcase classname="com.pomProject.TestCases.ContactsPageTest" name="ValidateCreateNewContactDDT" time="7.709"/>
  <testcase classname="com.pomProject.TestCases.ContactsPageTest" name="ValidateCreateNewContactDDT" time="7.312"/>
  <testcase classname="com.pomProject.TestCases.ContactsPageTest" name="ValidateCreateNewContactDDT" time="7.725"/>
  <testcase classname="com.pomProject.TestCases.ContactsPageTest" name="SelectContactsTest" time="0.0">
    <ignored/>
  </testcase> <!-- SelectContactsTest -->
  <testcase classname="com.pomProject.TestCases.ContactsPageTest" name="verifyContactPageLabel" time="0.0">
    <ignored/>
  </testcase> <!-- verifyContactPageLabel -->
  <testcase classname="com.pomProject.TestCases.ContactsPageTest" name="ValidateCreateNewContact" time="0.0">
    <ignored/>
  </testcase> <!-- ValidateCreateNewContact -->
</testsuite> <!-- Automation Regression Tests -->
